<?xml version="1.0" encoding="UTF-8"?>
<testsuite name="com.colecto.colecto.ColectoApplicationTests" tests="1" skipped="0" failures="0" errors="0" timestamp="2023-04-23T05:13:47" hostname="Henry-K-H-21PC-MP16-015.local" time="1.176">
  <properties/>
  <testcase name="contextLoads()" classname="com.colecto.colecto.ColectoApplicationTests" time="1.176"/>
  <system-out><![CDATA[14:13:42.250 [Test worker] DEBUG org.springframework.boot.test.context.SpringBootTestContextBootstrapper -- Neither @ContextConfiguration nor @ContextHierarchy found for test class [ColectoApplicationTests]: using SpringBootContextLoader
14:13:42.264 [Test worker] DEBUG org.springframework.test.context.support.AbstractContextLoader -- Could not detect default resource locations for test class [com.colecto.colecto.ColectoApplicationTests]: no resource found for suffixes {-context.xml, Context.groovy}.
14:13:42.267 [Test worker] INFO org.springframework.test.context.support.AnnotationConfigContextLoaderUtils -- Could not detect default configuration classes for test class [com.colecto.colecto.ColectoApplicationTests]: ColectoApplicationTests does not declare any static, non-private, non-final, nested classes annotated with @Configuration.
14:13:42.345 [Test worker] DEBUG org.springframework.boot.test.context.SpringBootTestContextBootstrapper -- Using ContextCustomizers for test class [ColectoApplicationTests]: [DisableObservabilityContextCustomizer, PropertyMappingContextCustomizer, Customizer, ExcludeFilterContextCustomizer, DuplicateJsonObjectContextCustomizer, MockitoContextCustomizer, TestRestTemplateContextCustomizer]
14:13:42.547 [Test worker] DEBUG org.springframework.context.annotation.ClassPathScanningCandidateComponentProvider -- Identified candidate component class: file [/Users/henry.k/Desktop/sche-me/server/build/classes/kotlin/main/com/colecto/colecto/ColectoApplication.class]
14:13:42.550 [Test worker] INFO org.springframework.boot.test.context.SpringBootTestContextBootstrapper -- Found @SpringBootConfiguration com.colecto.colecto.ColectoApplication for test class com.colecto.colecto.ColectoApplicationTests
14:13:42.783 [Test worker] DEBUG org.springframework.test.context.util.TestContextSpringFactoriesUtils -- Skipping candidate TestExecutionListener [org.springframework.test.context.transaction.TransactionalTestExecutionListener] due to a missing dependency. Specify custom TestExecutionListener classes or make the default TestExecutionListener classes and their required dependencies available. Offending class: [org/springframework/transaction/interceptor/TransactionAttributeSource]
14:13:42.789 [Test worker] DEBUG org.springframework.test.context.util.TestContextSpringFactoriesUtils -- Skipping candidate TestExecutionListener [org.springframework.test.context.jdbc.SqlScriptsTestExecutionListener] due to a missing dependency. Specify custom TestExecutionListener classes or make the default TestExecutionListener classes and their required dependencies available. Offending class: [org/springframework/transaction/interceptor/TransactionAttribute]
14:13:42.796 [Test worker] DEBUG org.springframework.boot.test.context.SpringBootTestContextBootstrapper -- Using TestExecutionListeners for test class [ColectoApplicationTests]: [ServletTestExecutionListener, DirtiesContextBeforeModesTestExecutionListener, ApplicationEventsTestExecutionListener, MockitoTestExecutionListener, DependencyInjectionTestExecutionListener, DirtiesContextTestExecutionListener, EventPublishingTestExecutionListener, RestDocsTestExecutionListener, MockRestServiceServerResetTestExecutionListener, MockMvcPrintOnlyOnFailureTestExecutionListener, WebDriverTestExecutionListener, MockWebServiceServerTestExecutionListener, ResetMocksTestExecutionListener]
14:13:42.800 [Test worker] DEBUG org.springframework.test.context.support.AbstractDirtiesContextTestExecutionListener -- Before test class: class [ColectoApplicationTests], class annotated with @DirtiesContext [false] with mode [null]

  .   ____          _            __ _ _
 /\\ / ___'_ __ _ _(_)_ __  __ _ \ \ \ \
( ( )\___ | '_ | '_| | '_ \/ _` | \ \ \ \
 \\/  ___)| |_)| | | | | || (_| |  ) ) ) )
  '  |____| .__|_| |_|_| |_\__, | / / / /
 =========|_|==============|___/=/_/_/_/
 :: Spring Boot ::                (v3.0.6)

2023-04-23T14:13:43.697+09:00  INFO 13798 --- [    Test worker] c.c.colecto.ColectoApplicationTests      : Starting ColectoApplicationTests using Java 17.0.5 with PID 13798 (started by henry.k in /Users/henry.k/Desktop/sche-me/server)
2023-04-23T14:13:43.702+09:00  INFO 13798 --- [    Test worker] c.c.colecto.ColectoApplicationTests      : No active profile set, falling back to 1 default profile: "default"
2023-04-23T14:13:47.183+09:00  INFO 13798 --- [    Test worker] c.c.colecto.ColectoApplicationTests      : Started ColectoApplicationTests in 4.226 seconds (process running for 7.44)
]]></system-out>
  <system-err><![CDATA[]]></system-err>
</testsuite>
